<?xml version="1.0" encoding="UTF-8"?>
<!-- Generated by org.testng.reporters.JUnitXMLReporter -->
<testsuite ignored="0" hostname="INBook_X1" failures="0" tests="3" name="Default test" time="4.457" errors="0" timestamp="2024-01-04T08:27:08 IST">
  <testcase classname="test.ApiTokenExample" name="testApiWithToken" time="2.174"/>
  <testcase classname="test.ApiTokenExample" name="testApiWithToken1" time="1.601"/>
  <testcase classname="test.ApiTokenExample" name="testApiWithToken2" time="0.63"/>
</testsuite> <!-- Default test -->
