<?xml version="1.0" encoding="UTF-8"?>
<testng-results ignored="0" total="3" passed="3" failed="0" skipped="0">
  <reporter-output>
  </reporter-output>
  <suite started-at="2024-01-04T08:27:04 IST" name="Default suite" finished-at="2024-01-04T08:27:08 IST" duration-ms="4457">
    <groups>
    </groups>
    <test started-at="2024-01-04T08:27:04 IST" name="Default test" finished-at="2024-01-04T08:27:08 IST" duration-ms="4457">
      <class name="test.ApiTokenExample">
        <test-method signature="testApiWithToken()[pri:1, instance:test.ApiTokenExample@50b5ac82]" started-at="2024-01-04T08:27:04 IST" name="testApiWithToken" finished-at="2024-01-04T08:27:06 IST" duration-ms="2174" status="PASS">
          <reporter-output>
          </reporter-output>
        </test-method> <!-- testApiWithToken -->
        <test-method signature="testApiWithToken1()[pri:2, instance:test.ApiTokenExample@50b5ac82]" started-at="2024-01-04T08:27:06 IST" name="testApiWithToken1" finished-at="2024-01-04T08:27:08 IST" duration-ms="1601" status="PASS">
          <reporter-output>
          </reporter-output>
        </test-method> <!-- testApiWithToken1 -->
        <test-method signature="testApiWithToken2()[pri:3, instance:test.ApiTokenExample@50b5ac82]" started-at="2024-01-04T08:27:08 IST" name="testApiWithToken2" finished-at="2024-01-04T08:27:08 IST" duration-ms="630" status="PASS">
          <reporter-output>
          </reporter-output>
        </test-method> <!-- testApiWithToken2 -->
      </class> <!-- test.ApiTokenExample -->
    </test> <!-- Default test -->
  </suite> <!-- Default suite -->
</testng-results>
